This is pdfTeX, Version 3.14159265-2.6-1.40.18 (TeX Live 2017) (preloaded format=pdflatex 2017.5.23)  26 JAN 2018 16:30
entering extended mode
 restricted \write18 enabled.
 file:line:error style messages enabled.
 %&-line parsing enabled.
**thesis.tex
(./thesis.tex
LaTeX2e <2017-04-15>
Babel <3.10> and hyphenation patterns for 84 language(s) loaded.
(/usr/local/texlive/2017/texmf-dist/tex/latex/base/report.cls
Document Class: report 2014/09/29 v1.4h Standard LaTeX document class
(/usr/local/texlive/2017/texmf-dist/tex/latex/base/leqno.clo
File: leqno.clo 2016/12/29 v1.2a Standard LaTeX option (left equation numbers)
) (/usr/local/texlive/2017/texmf-dist/tex/latex/base/size10.clo
File: size10.clo 2014/09/29 v1.4h Standard LaTeX file (size option)
)
\c@part=\count79
\c@chapter=\count80
\c@section=\count81
\c@subsection=\count82
\c@subsubsection=\count83
\c@paragraph=\count84
\c@subparagraph=\count85
\c@figure=\count86
\c@table=\count87
\abovecaptionskip=\skip41
\belowcaptionskip=\skip42
\bibindent=\dimen102
) (/usr/local/texlive/2017/texmf-dist/tex/latex/amscls/amsthm.sty
Package: amsthm 2015/03/04 v2.20.2
\thm@style=\toks14
\thm@bodyfont=\toks15
\thm@headfont=\toks16
\thm@notefont=\toks17
\thm@headpunct=\toks18
\thm@preskip=\skip43
\thm@postskip=\skip44
\thm@headsep=\skip45
\dth@everypar=\toks19
) (/usr/local/texlive/2017/texmf-dist/tex/latex/amsfonts/amssymb.sty
Package: amssymb 2013/01/14 v3.01 AMS font symbols
 (/usr/local/texlive/2017/texmf-dist/tex/latex/amsfonts/amsfonts.sty
Package: amsfonts 2013/01/14 v3.01 Basic AMSFonts support
\@emptytoks=\toks20
\symAMSa=\mathgroup4
\symAMSb=\mathgroup5
LaTeX Font Info:    Overwriting math alphabet `\mathfrak' in version `bold'
(Font)                  U/euf/m/n --> U/euf/b/n on input line 106.
)) (/usr/local/texlive/2017/texmf-dist/tex/latex/amsmath/amsxtra.sty
Package: amsxtra 1999/11/15 v1.2c AMS extra commands
 (/usr/local/texlive/2017/texmf-dist/tex/latex/amsmath/amsmath.sty
Package: amsmath 2016/11/05 v2.16a AMS math features
\@mathmargin=\skip46

For additional information on amsmath, use the `?' option.
(/usr/local/texlive/2017/texmf-dist/tex/latex/amsmath/amstext.sty
Package: amstext 2000/06/29 v2.01 AMS text
 (/usr/local/texlive/2017/texmf-dist/tex/latex/amsmath/amsgen.sty
File: amsgen.sty 1999/11/30 v2.0 generic functions
\@emptytoks=\toks21
\ex@=\dimen103
)) (/usr/local/texlive/2017/texmf-dist/tex/latex/amsmath/amsbsy.sty
Package: amsbsy 1999/11/29 v1.2d Bold Symbols
\pmbraise@=\dimen104
) (/usr/local/texlive/2017/texmf-dist/tex/latex/amsmath/amsopn.sty
Package: amsopn 2016/03/08 v2.02 operator names
)
\inf@bad=\count88
LaTeX Info: Redefining \frac on input line 213.
\uproot@=\count89
\leftroot@=\count90
LaTeX Info: Redefining \overline on input line 375.
\classnum@=\count91
\DOTSCASE@=\count92
LaTeX Info: Redefining \ldots on input line 472.
LaTeX Info: Redefining \dots on input line 475.
LaTeX Info: Redefining \cdots on input line 596.
\Mathstrutbox@=\box26
\strutbox@=\box27
\big@size=\dimen105
LaTeX Font Info:    Redeclaring font encoding OML on input line 712.
LaTeX Font Info:    Redeclaring font encoding OMS on input line 713.
\macc@depth=\count93
\c@MaxMatrixCols=\count94
\dotsspace@=\muskip10
\c@parentequation=\count95
\dspbrk@lvl=\count96
\tag@help=\toks22
\row@=\count97
\column@=\count98
\maxfields@=\count99
\andhelp@=\toks23
\eqnshift@=\dimen106
\alignsep@=\dimen107
\tagshift@=\dimen108
\tagwidth@=\dimen109
\totwidth@=\dimen110
\lineht@=\dimen111
\@envbody=\toks24
\multlinegap=\skip47
\multlinetaggap=\skip48
\mathdisplay@stack=\toks25
LaTeX Info: Redefining \[ on input line 2817.
LaTeX Info: Redefining \] on input line 2818.
)
LaTeX Info: Redefining \nobreakspace on input line 54.
) (./rac.sty
 
Substyle `rac' for Rackham dissertation.
The sample files are in '/usr/um/lib/tex/doc/local/rac'.
 
\c@anything=\count100
\c@map=\count101
\c@appendix=\count102
) (./dbl12.sty) (/usr/local/texlive/2017/texmf-dist/tex/latex/graphics/epsfig.sty
Package: epsfig 1999/02/16 v1.7a (e)psfig emulation (SPQR)
 (/usr/local/texlive/2017/texmf-dist/tex/latex/graphics/graphicx.sty
Package: graphicx 2014/10/28 v1.0g Enhanced LaTeX Graphics (DPC,SPQR)
 (/usr/local/texlive/2017/texmf-dist/tex/latex/graphics/keyval.sty
Package: keyval 2014/10/28 v1.15 key=value parser (DPC)
\KV@toks@=\toks26
) (/usr/local/texlive/2017/texmf-dist/tex/latex/graphics/graphics.sty
Package: graphics 2017/04/14 v1.1b Standard LaTeX Graphics (DPC,SPQR)
 (/usr/local/texlive/2017/texmf-dist/tex/latex/graphics/trig.sty
Package: trig 2016/01/03 v1.10 sin cos tan (DPC)
) (/usr/local/texlive/2017/texmf-dist/tex/latex/graphics-cfg/graphics.cfg
File: graphics.cfg 2016/06/04 v1.11 sample graphics configuration
)
Package graphics Info: Driver file: pdftex.def on input line 99.
 (/usr/local/texlive/2017/texmf-dist/tex/latex/graphics-def/pdftex.def
File: pdftex.def 2017/01/12 v0.06k Graphics/color for pdfTeX
 (/usr/local/texlive/2017/texmf-dist/tex/generic/oberdiek/infwarerr.sty
Package: infwarerr 2016/05/16 v1.4 Providing info/warning/error messages (HO)
) (/usr/local/texlive/2017/texmf-dist/tex/generic/oberdiek/ltxcmds.sty
Package: ltxcmds 2016/05/16 v1.23 LaTeX kernel commands for general use (HO)
)
\Gread@gobject=\count103
))
\Gin@req@height=\dimen112
\Gin@req@width=\dimen113
)
\epsfxsize=\dimen114
\epsfysize=\dimen115
) (/usr/local/texlive/2017/texmf-dist/tex/latex/tools/verbatim.sty
Package: verbatim 2014/10/28 v1.5q LaTeX2e package for verbatim enhancements
\every@verbatim=\toks27
\verbatim@line=\toks28
\verbatim@in@stream=\read1
) (/usr/local/texlive/2017/texmf-dist/tex/latex/hyperref/hyperref.sty
Package: hyperref 2017/03/14 v6.85a Hypertext links for LaTeX
 (/usr/local/texlive/2017/texmf-dist/tex/generic/oberdiek/hobsub-hyperref.sty
Package: hobsub-hyperref 2016/05/16 v1.14 Bundle oberdiek, subset hyperref (HO)
 (/usr/local/texlive/2017/texmf-dist/tex/generic/oberdiek/hobsub-generic.sty
Package: hobsub-generic 2016/05/16 v1.14 Bundle oberdiek, subset generic (HO)
Package: hobsub 2016/05/16 v1.14 Construct package bundles (HO)
Package hobsub Info: Skipping package `infwarerr' (already loaded).
Package hobsub Info: Skipping package `ltxcmds' (already loaded).
Package: ifluatex 2016/05/16 v1.4 Provides the ifluatex switch (HO)
Package ifluatex Info: LuaTeX not detected.
Package: ifvtex 2016/05/16 v1.6 Detect VTeX and its facilities (HO)
Package ifvtex Info: VTeX not detected.
Package: intcalc 2016/05/16 v1.2 Expandable calculations with integers (HO)
Package: ifpdf 2017/03/15 v3.2 Provides the ifpdf switch
Package: etexcmds 2016/05/16 v1.6 Avoid name clashes with e-TeX commands (HO)
Package etexcmds Info: Could not find \expanded.
(etexcmds)             That can mean that you are not using pdfTeX 1.50 or
(etexcmds)             that some package has redefined \expanded.
(etexcmds)             In the latter case, load this package earlier.
Package: kvsetkeys 2016/05/16 v1.17 Key value parser (HO)
Package: kvdefinekeys 2016/05/16 v1.4 Define keys (HO)
Package: pdftexcmds 2017/03/19 v0.25 Utility functions of pdfTeX for LuaTeX (HO)
Package pdftexcmds Info: LuaTeX not detected.
Package pdftexcmds Info: \pdf@primitive is available.
Package pdftexcmds Info: \pdf@ifprimitive is available.
Package pdftexcmds Info: \pdfdraftmode found.
Package: pdfescape 2016/05/16 v1.14 Implements pdfTeX's escape features (HO)
Package: bigintcalc 2016/05/16 v1.4 Expandable calculations on big integers (HO)
Package: bitset 2016/05/16 v1.2 Handle bit-vector datatype (HO)
Package: uniquecounter 2016/05/16 v1.3 Provide unlimited unique counter (HO)
)
Package hobsub Info: Skipping package `hobsub' (already loaded).
Package: letltxmacro 2016/05/16 v1.5 Let assignment for LaTeX macros (HO)
Package: hopatch 2016/05/16 v1.3 Wrapper for package hooks (HO)
Package: xcolor-patch 2016/05/16 xcolor patch
Package: atveryend 2016/05/16 v1.9 Hooks at the very end of document (HO)
Package atveryend Info: \enddocument detected (standard20110627).
Package: atbegshi 2016/06/09 v1.18 At begin shipout hook (HO)
Package: refcount 2016/05/16 v3.5 Data extraction from label references (HO)
Package: hycolor 2016/05/16 v1.8 Color options for hyperref/bookmark (HO)
) (/usr/local/texlive/2017/texmf-dist/tex/generic/ifxetex/ifxetex.sty
Package: ifxetex 2010/09/12 v0.6 Provides ifxetex conditional
)
(/usr/local/texlive/2017/texmf-dist/tex/latex/oberdiek/auxhook.sty
Package: auxhook 2016/05/16 v1.4 Hooks for auxiliary files (HO)
) (/usr/local/texlive/2017/texmf-dist/tex/latex/oberdiek/kvoptions.sty
Package: kvoptions 2016/05/16 v3.12 Key value format for package options (HO)
)
\@linkdim=\dimen116
\Hy@linkcounter=\count104
\Hy@pagecounter=\count105
 (/usr/local/texlive/2017/texmf-dist/tex/latex/hyperref/pd1enc.def
File: pd1enc.def 2017/03/14 v6.85a Hyperref: PDFDocEncoding definition (HO)
)
\Hy@SavedSpaceFactor=\count106
 (/usr/local/texlive/2017/texmf-dist/tex/latex/latexconfig/hyperref.cfg
File: hyperref.cfg 2002/06/06 v1.2 hyperref configuration of TeXLive
)
Package hyperref Info: Hyper figures OFF on input line 4498.
Package hyperref Info: Link nesting OFF on input line 4503.
Package hyperref Info: Hyper index ON on input line 4506.
Package hyperref Info: Plain pages OFF on input line 4513.
Package hyperref Info: Backreferencing OFF on input line 4518.
Package hyperref Info: Implicit mode ON; LaTeX internals redefined.
Package hyperref Info: Bookmarks ON on input line 4751.
\c@Hy@tempcnt=\count107
 (/usr/local/texlive/2017/texmf-dist/tex/latex/url/url.sty
\Urlmuskip=\muskip11
Package: url 2013/09/16  ver 3.4  Verb mode for urls, etc.
)
LaTeX Info: Redefining \url on input line 5104.
\XeTeXLinkMargin=\dimen117
\Fld@menulength=\count108
\Field@Width=\dimen118
\Fld@charsize=\dimen119
Package hyperref Info: Hyper figures OFF on input line 6358.
Package hyperref Info: Link nesting OFF on input line 6363.
Package hyperref Info: Hyper index ON on input line 6366.
Package hyperref Info: backreferencing OFF on input line 6373.
Package hyperref Info: Link coloring OFF on input line 6378.
Package hyperref Info: Link coloring with OCG OFF on input line 6383.
Package hyperref Info: PDF/A mode OFF on input line 6388.
LaTeX Info: Redefining \ref on input line 6428.
LaTeX Info: Redefining \pageref on input line 6432.
\Hy@abspage=\count109
\c@Item=\count110
\c@Hfootnote=\count111
)

Package hyperref Message: Driver (autodetected): hpdftex.

(/usr/local/texlive/2017/texmf-dist/tex/latex/hyperref/hpdftex.def
File: hpdftex.def 2017/03/14 v6.85a Hyperref driver for pdfTeX
\Fld@listcount=\count112
\c@bookmark@seq@number=\count113
 (/usr/local/texlive/2017/texmf-dist/tex/latex/oberdiek/rerunfilecheck.sty
Package: rerunfilecheck 2016/05/16 v1.8 Rerun checks for auxiliary files (HO)
Package uniquecounter Info: New unique counter `rerunfilecheck' on input line 282.
)
\Hy@SectionHShift=\skip49
) (/usr/local/texlive/2017/texmf-dist/tex/latex/xcolor/xcolor.sty
Package: xcolor 2016/05/11 v2.12 LaTeX color extensions (UK)
 (/usr/local/texlive/2017/texmf-dist/tex/latex/graphics-cfg/color.cfg
File: color.cfg 2016/01/02 v1.6 sample color configuration
)
Package xcolor Info: Driver file: pdftex.def on input line 225.
Package xcolor Info: Model `cmy' substituted by `cmy0' on input line 1348.
Package xcolor Info: Model `hsb' substituted by `rgb' on input line 1352.
Package xcolor Info: Model `RGB' extended on input line 1364.
Package xcolor Info: Model `HTML' substituted by `rgb' on input line 1366.
Package xcolor Info: Model `Hsb' substituted by `hsb' on input line 1367.
Package xcolor Info: Model `tHsb' substituted by `hsb' on input line 1368.
Package xcolor Info: Model `HSB' substituted by `hsb' on input line 1369.
Package xcolor Info: Model `Gray' substituted by `gray' on input line 1370.
Package xcolor Info: Model `wave' substituted by `hsb' on input line 1371.
) (/usr/local/texlive/2017/texmf-dist/tex/latex/multirow/multirow.sty
Package: multirow 2016/11/25 v2.2 Span multiple rows of a table
\multirow@colwidth=\skip50
\multirow@cntb=\count114
\multirow@dima=\skip51
\bigstrutjot=\dimen120
) (/usr/local/texlive/2017/texmf-dist/tex/latex/graphics/rotating.sty
Package: rotating 2016/08/11 v2.16d rotated objects in LaTeX
 (/usr/local/texlive/2017/texmf-dist/tex/latex/base/ifthen.sty
Package: ifthen 2014/09/29 v1.1c Standard LaTeX ifthen package (DPC)
)
\c@r@tfl@t=\count115
\rotFPtop=\skip52
\rotFPbot=\skip53
\rot@float@box=\box28
\rot@mess@toks=\toks29
)
Package hyperref Info: Option `colorlinks' set `false' on input line 23.
\c@theorem=\count116

\@input{header.aux}
\openout2 = `header.aux'.

No file header.tex.
(./thesis.aux)
\openout1 = `thesis.aux'.

LaTeX Font Info:    Checking defaults for OML/cmm/m/it on input line 72.
LaTeX Font Info:    ... okay on input line 72.
LaTeX Font Info:    Checking defaults for T1/cmr/m/n on input line 72.
LaTeX Font Info:    ... okay on input line 72.
LaTeX Font Info:    Checking defaults for OT1/cmr/m/n on input line 72.
LaTeX Font Info:    ... okay on input line 72.
LaTeX Font Info:    Checking defaults for OMS/cmsy/m/n on input line 72.
LaTeX Font Info:    ... okay on input line 72.
LaTeX Font Info:    Checking defaults for OMX/cmex/m/n on input line 72.
LaTeX Font Info:    ... okay on input line 72.
LaTeX Font Info:    Checking defaults for U/cmr/m/n on input line 72.
LaTeX Font Info:    ... okay on input line 72.
LaTeX Font Info:    Checking defaults for PD1/pdf/m/n on input line 72.
LaTeX Font Info:    ... okay on input line 72.
 (/usr/local/texlive/2017/texmf-dist/tex/context/base/mkii/supp-pdf.mkii
[Loading MPS to PDF converter (version 2006.09.02).]
\scratchcounter=\count117
\scratchdimen=\dimen121
\scratchbox=\box29
\nofMPsegments=\count118
\nofMParguments=\count119
\everyMPshowfont=\toks30
\MPscratchCnt=\count120
\MPscratchDim=\dimen122
\MPnumerator=\count121
\makeMPintoPDFobject=\count122
\everyMPtoPDFconversion=\toks31
) (/usr/local/texlive/2017/texmf-dist/tex/latex/oberdiek/epstopdf-base.sty
Package: epstopdf-base 2016/05/15 v2.6 Base part for package epstopdf
 (/usr/local/texlive/2017/texmf-dist/tex/latex/oberdiek/grfext.sty
Package: grfext 2016/05/16 v1.2 Manage graphics extensions (HO)
)
Package epstopdf-base Info: Redefining graphics rule for `.eps' on input line 438.
Package grfext Info: Graphics extension search list:
(grfext)             [.png,.pdf,.jpg,.mps,.jpeg,.jbig2,.jb2,.PNG,.PDF,.JPG,.JPEG,.JBIG2,.JB2,.eps]
(grfext)             \AppendGraphicsExtensions on input line 456.
 (/usr/local/texlive/2017/texmf-dist/tex/latex/latexconfig/epstopdf-sys.cfg
File: epstopdf-sys.cfg 2010/07/13 v1.3 Configuration of (r)epstopdf for TeX Live
))
\AtBeginShipoutBox=\box30
Package hyperref Info: Link coloring OFF on input line 72.
 (/usr/local/texlive/2017/texmf-dist/tex/latex/hyperref/nameref.sty
Package: nameref 2016/05/21 v2.44 Cross-referencing by name of section
 (/usr/local/texlive/2017/texmf-dist/tex/generic/oberdiek/gettitlestring.sty
Package: gettitlestring 2016/05/16 v1.5 Cleanup title references (HO)
)
\c@section@level=\count123
)
LaTeX Info: Redefining \ref on input line 72.
LaTeX Info: Redefining \pageref on input line 72.
LaTeX Info: Redefining \nameref on input line 72.
 (./thesis.out) (./thesis.out)
\@outlinefile=\write3
\openout3 = `thesis.out'.

LaTeX Font Info:    Try loading font information for U+msa on input line 86.
 (/usr/local/texlive/2017/texmf-dist/tex/latex/amsfonts/umsa.fd
File: umsa.fd 2013/01/14 v3.01 AMS symbols A
)
LaTeX Font Info:    Try loading font information for U+msb on input line 86.
 (/usr/local/texlive/2017/texmf-dist/tex/latex/amsfonts/umsb.fd
File: umsb.fd 2013/01/14 v3.01 AMS symbols B
)
Underfull \hbox (badness 10000) in paragraph at lines 86--87

 []


Underfull \hbox (badness 10000) in paragraph at lines 86--87

 []

[0



{/usr/local/texlive/2017/texmf-var/fonts/map/pdftex/updmap/pdftex.map}]
LaTeX Font Info:    Try loading font information for OMS+cmr on input line 89.
 (/usr/local/texlive/2017/texmf-dist/tex/latex/base/omscmr.fd
File: omscmr.fd 2014/09/29 v2.5h Standard LaTeX font definitions
)
LaTeX Font Info:    Font shape `OMS/cmr/m/n' in size <12> not available
(Font)              Font shape `OMS/cmsy/m/n' tried instead on input line 89.
 [1] [2] [3] (./thesis.toc [4]
Missing character: There is no ‚ in font cmr10!
Missing character: There is no Ä in font cmr10!
Missing character: There is no ô in font cmr10!
 [5])
\tf@toc=\write4
\openout4 = `thesis.toc'.

 [6] (./thesis.lof
Underfull \hbox (badness 10000) in paragraph at lines 1--2

 []

[7])
\tf@lof=\write5
\openout5 = `thesis.lof'.

 [8] (./thesis.lot
Underfull \hbox (badness 10000) in paragraph at lines 1--2

 []

)
\tf@lot=\write6
\openout6 = `thesis.lot'.

 [9] [10] [11]
CHAPTER I.

Package hyperref Warning: bookmark level for unknown chap defaults to 0.

(./introduction.tex [1


] [2] [3] [4] [5] [6] [7] [8] [9] [10] [11] [12]) [13] [14]
CHAPTER II.
(./chap2.tex
Missing character: There is no ‚ in font cmr12!
Missing character: There is no Ä in font cmr12!
Missing character: There is no ì in font cmr12!
 [15

] [16] [17] [18] [19] [20] [21] [22]

Package amsmath Warning: Foreign command \atopwithdelims;
(amsmath)                \frac or \genfrac should be used instead
(amsmath)                 on input line 84.

[23] [24]
Missing character: There is no ‚ in font cmr12!
Missing character: There is no Ä in font cmr12!
Missing character: There is no ô in font cmr12!
Missing character: There is no ‚ in font cmr12!
Missing character: There is no Ä in font cmr12!
Missing character: There is no ô in font cmr12!
Missing character: There is no ‚ in font cmr12!
Missing character: There is no Ä in font cmr12!
Missing character: There is no ô in font cmr12!
Missing character: There is no ‚ in font cmr12!
Missing character: There is no â in font cmr12!
Missing character: There is no • in font cmr12!
 [25]
Missing character: There is no Œ in font cmr12!
Missing character: There is no ± in font cmr12!
Missing character: There is no Œ in font cmr12!
Missing character: There is no ± in font cmr12!
 [26]
Missing character: There is no ‚ in font cmr12!
Missing character: There is no Ä in font cmr12!
Missing character: There is no ô in font cmr12!
 [27]
Missing character: There is no ‚ in font cmbx10!
Missing character: There is no Ä in font cmbx10!
Missing character: There is no ô in font cmbx10!
 [28]
Missing character: There is no ‚ in font cmr12!
Missing character: There is no Ä in font cmr12!
Missing character: There is no ú in font cmr12!
Missing character: There is no ‚ in font cmr12!
Missing character: There is no Ä in font cmr12!
Missing character: There is no ù in font cmr12!
Missing character: There is no √ in font cmr12!
Missing character: There is no Ø in font cmr12!
 [29]
Overfull \hbox (3.23964pt too wide) in paragraph at lines 140--141
[]\OT1/cmr/m/n/12 H3K27me3 is a known re-pres-sor of dif-fer-en-ti-a-tion and de-vel-op-men-tal genes. Within
 []

[30] [31]
Missing character: There is no ‚ in font cmr12!
Missing character: There is no Ä in font cmr12!
Missing character: There is no ô in font cmr12!
Missing character: There is no ‚ in font cmr12!
Missing character: There is no â in font cmr12!
Missing character: There is no § in font cmr12!
 [32]) [33] (./chap2figs.tex <chap2figs/figure2_1.pdf, id=1075, 505.89pt x 240.39813pt>
File: chap2figs/figure2_1.pdf Graphic file (type pdf)
 <use chap2figs/figure2_1.pdf>
Package pdftex.def Info: chap2figs/figure2_1.pdf used on input line 4.
(pdftex.def)             Requested size: 430.0pt x 204.33937pt.

Overfull \hbox (49.88899pt too wide) detected at line 10
\OT1/cmr/m/n/10 Figure 2.1: []
 []

[34

 <./chap2figs/figure2_1.pdf>] <chap2figs/figure2_2.pdf, id=1121, 234.8775pt x 365.44528pt>
File: chap2figs/figure2_2.pdf Graphic file (type pdf)
 <use chap2figs/figure2_2.pdf>
Package pdftex.def Info: chap2figs/figure2_2.pdf used on input line 19.
(pdftex.def)             Requested size: 300.99869pt x 468.32597pt.

Overfull \hbox (49.88899pt too wide) detected at line 24
\OT1/cmr/m/n/10 Figure 2.2: []
 []

[35 <./chap2figs/figure2_2.pdf>] <chap2figs/figure2_3.pdf, id=1136, 414.54875pt x 475.7775pt>
File: chap2figs/figure2_3.pdf Graphic file (type pdf)
 <use chap2figs/figure2_3.pdf>
Package pdftex.def Info: chap2figs/figure2_3.pdf used on input line 33.
(pdftex.def)             Requested size: 300.99869pt x 345.46344pt.

Overfull \hbox (49.88899pt too wide) detected at line 38
\OT1/cmr/m/n/10 Figure 2.3: []
 []

[36 <./chap2figs/figure2_3.pdf>] <chap2figs/figure2_4.pdf, id=1153, 243.7908pt x 332.44202pt>
File: chap2figs/figure2_4.pdf Graphic file (type pdf)
 <use chap2figs/figure2_4.pdf>
Package pdftex.def Info: chap2figs/figure2_4.pdf used on input line 47.
(pdftex.def)             Requested size: 300.99869pt x 410.46361pt.

Overfull \hbox (49.88899pt too wide) detected at line 52
\OT1/cmr/m/n/10 Figure 2.4: []
 []

[37 <./chap2figs/figure2_4.pdf>] <chap2figs/figure2_5.pdf, id=1169, 433.62pt x 588.1975pt>
File: chap2figs/figure2_5.pdf Graphic file (type pdf)
 <use chap2figs/figure2_5.pdf>
Package pdftex.def Info: chap2figs/figure2_5.pdf used on input line 61.
(pdftex.def)             Requested size: 344.00131pt x 466.65443pt.

Overfull \hbox (49.88899pt too wide) detected at line 66
\OT1/cmr/m/n/10 Figure 2.5: []
 []

[38 <./chap2figs/figure2_5.pdf>] <chap2figs/figure2_6.pdf, id=1187, 433.62pt x 588.1975pt>
File: chap2figs/figure2_6.pdf Graphic file (type pdf)
 <use chap2figs/figure2_6.pdf>
Package pdftex.def Info: chap2figs/figure2_6.pdf used on input line 75.
(pdftex.def)             Requested size: 344.00131pt x 466.65443pt.

Overfull \hbox (49.88899pt too wide) detected at line 80
\OT1/cmr/m/n/10 Figure 2.6: []
 []

[39 <./chap2figs/figure2_6.pdf>] <chap2figs/figure2_7.pdf, id=1204, 433.62pt x 589.20125pt>
File: chap2figs/figure2_7.pdf Graphic file (type pdf)
 <use chap2figs/figure2_7.pdf>
Package pdftex.def Info: chap2figs/figure2_7.pdf used on input line 89.
(pdftex.def)             Requested size: 344.00131pt x 467.45078pt.

Overfull \hbox (49.88899pt too wide) detected at line 94
\OT1/cmr/m/n/10 Figure 2.7: []
 []

[40 <./chap2figs/figure2_7.pdf>] <chap2figs/figure2_8.pdf, id=1222, 433.62pt x 589.20125pt>
File: chap2figs/figure2_8.pdf Graphic file (type pdf)
 <use chap2figs/figure2_8.pdf>
Package pdftex.def Info: chap2figs/figure2_8.pdf used on input line 103.
(pdftex.def)             Requested size: 344.00131pt x 467.45078pt.

Overfull \hbox (49.88899pt too wide) detected at line 108
\OT1/cmr/m/n/10 Figure 2.8: []
 []

[41 <./chap2figs/figure2_8.pdf>] <chap2figs/figure2_9.pdf, id=1239, 433.62pt x 589.20125pt>
File: chap2figs/figure2_9.pdf Graphic file (type pdf)
 <use chap2figs/figure2_9.pdf>
Package pdftex.def Info: chap2figs/figure2_9.pdf used on input line 117.
(pdftex.def)             Requested size: 344.00131pt x 467.45078pt.

Overfull \hbox (49.88899pt too wide) detected at line 122
\OT1/cmr/m/n/10 Figure 2.9: []
 []

[42 <./chap2figs/figure2_9.pdf>] <chap2figs/figure2_10.pdf, id=1256, 433.62pt x 589.20125pt>
File: chap2figs/figure2_10.pdf Graphic file (type pdf)
 <use chap2figs/figure2_10.pdf>
Package pdftex.def Info: chap2figs/figure2_10.pdf used on input line 131.
(pdftex.def)             Requested size: 344.00131pt x 467.45078pt.

Overfull \hbox (54.889pt too wide) detected at line 136
\OT1/cmr/m/n/10 Figure 2.10: []
 []

) [43 <./chap2figs/figure2_10.pdf>] (./chap2tables.tex
Overfull \hbox (45.8334pt too wide) detected at line 69
\OT1/cmr/m/n/10 Table 2.1: []
 []

[44

]
Overfull \hbox (45.8334pt too wide) detected at line 111
\OT1/cmr/m/n/10 Table 2.2: []
 []


Overfull \hbox (45.8334pt too wide) detected at line 142
\OT1/cmr/m/n/10 Table 2.3: []
 []


Underfull \hbox (badness 3690) in paragraph at lines 153--153
[]\OT1/cmr/bx/n/5 % Uniquely
 []


Underfull \hbox (badness 2418) in paragraph at lines 153--153
[]\OT1/cmr/bx/n/5 % Mu-tu-ally
 []


Underfull \hbox (badness 8170) in paragraph at lines 153--153
[]\OT1/cmr/bx/n/5 % Stronger
 []


Underfull \hbox (badness 3503) in paragraph at lines 153--153
[]\OT1/cmr/bx/n/5 Avg # GS
 []


Underfull \hbox (badness 10000) in paragraph at lines 153--153
[]\OT1/cmr/bx/n/5 GS Avg
 []


Overfull \hbox (45.8334pt too wide) detected at line 193
\OT1/cmr/m/n/10 Table 2.4: []
 []


Overfull \hbox (45.8334pt too wide) detected at line 226
\OT1/cmr/m/n/10 Table 2.5: []
 []


Overfull \hbox (45.8334pt too wide) detected at line 257
\OT1/cmr/m/n/10 Table 2.6: []
 []


Underfull \hbox (badness 10000) in paragraph at lines 268--268
[]\OT1/cmr/bx/n/5 Broad-
 []


Underfull \hbox (badness 10000) in paragraph at lines 268--268
\OT1/cmr/bx/n/5 Enrich
 []


Underfull \hbox (badness 10000) in paragraph at lines 268--268
[]\OT1/cmr/bx/n/5 GREAT
 []


Underfull \hbox (badness 10000) in paragraph at lines 268--268
[]\OT1/cmr/bx/n/5 Broad-
 []


Underfull \hbox (badness 10000) in paragraph at lines 268--268
\OT1/cmr/bx/n/5 Enrich
 []


Underfull \hbox (badness 10000) in paragraph at lines 268--268
[]\OT1/cmr/bx/n/5 # GS
 []


Underfull \hbox (badness 10000) in paragraph at lines 268--268
[]\OT1/cmr/bx/n/5 GS Avg
 []


Underfull \hbox (badness 10000) in paragraph at lines 268--268
[]\OT1/cmr/bx/n/5 GS Avg
 []


Underfull \hbox (badness 10000) in paragraph at lines 268--268
\OT1/cmr/bx/n/5 Gene
 []


Underfull \hbox (badness 10000) in paragraph at lines 269--269
[]\OT1/cmr/m/n/5 immune sys-tem
 []


Underfull \hbox (badness 3058) in paragraph at lines 270--270
[]\OT1/cmr/m/n/5 regulation of im-
 []


Underfull \hbox (badness 3568) in paragraph at lines 272--272
[]\OT1/cmr/m/n/5 immune response-
 []


Underfull \hbox (badness 10000) in paragraph at lines 272--272
\OT1/cmr/m/n/5 regulating sig-nal-
 []


Underfull \hbox (badness 10000) in paragraph at lines 273--273
[]\OT1/cmr/m/n/5 leukocyte ac-ti-va-
 []


Underfull \hbox (badness 3568) in paragraph at lines 274--274
[]\OT1/cmr/m/n/5 immune response-
 []


Underfull \hbox (badness 10000) in paragraph at lines 274--274
\OT1/cmr/m/n/5 activating sig-nal
 []


Underfull \hbox (badness 3058) in paragraph at lines 280--280
[]\OT1/cmr/m/n/5 regulation of im-
 []


Underfull \hbox (badness 10000) in paragraph at lines 281--281
[]\OT1/cmr/m/n/5 positive reg-u-la-
 []


Underfull \hbox (badness 10000) in paragraph at lines 281--281
\OT1/cmr/m/n/5 tion of im-mune
 []


Underfull \hbox (badness 10000) in paragraph at lines 282--282
[]\OT1/cmr/m/n/5 programmed cell
 []


Underfull \hbox (badness 4144) in paragraph at lines 283--283
[]\OT1/cmr/m/n/5 regulation of de-
 []


Underfull \hbox (badness 10000) in paragraph at lines 284--284
[]\OT1/cmr/m/n/5 regulation of
 []


Underfull \hbox (badness 10000) in paragraph at lines 284--284
\OT1/cmr/m/n/5 leuko-cyte ac-ti-va-
 []


Underfull \hbox (badness 2689) in paragraph at lines 287--287
[]\OT1/cmr/m/n/5 regulation of cell
 []


Overfull \hbox (45.8334pt too wide) detected at line 296
\OT1/cmr/m/n/10 Table 2.7: []
 []


Underfull \hbox (badness 10000) in paragraph at lines 307--307
[]\OT1/cmr/bx/n/5 Broad-
 []


Underfull \hbox (badness 10000) in paragraph at lines 307--307
\OT1/cmr/bx/n/5 Enrich
 []


Underfull \hbox (badness 10000) in paragraph at lines 307--307
[]\OT1/cmr/bx/n/5 GREAT
 []


Underfull \hbox (badness 10000) in paragraph at lines 307--307
[]\OT1/cmr/bx/n/5 Broad-
 []


Underfull \hbox (badness 10000) in paragraph at lines 307--307
\OT1/cmr/bx/n/5 Enrich
 []


Underfull \hbox (badness 10000) in paragraph at lines 307--307
[]\OT1/cmr/bx/n/5 # GS
 []


Underfull \hbox (badness 10000) in paragraph at lines 307--307
[]\OT1/cmr/bx/n/5 GS Avg
 []


Underfull \hbox (badness 10000) in paragraph at lines 307--307
[]\OT1/cmr/bx/n/5 GS Avg
 []


Underfull \hbox (badness 10000) in paragraph at lines 307--307
\OT1/cmr/bx/n/5 Gene
 []


Underfull \hbox (badness 10000) in paragraph at lines 312--312
[]\OT1/cmr/m/n/5 immune sys-tem
 []


Underfull \hbox (badness 10000) in paragraph at lines 315--315
[]\OT1/cmr/m/n/5 post-translational
 []


Underfull \hbox (badness 10000) in paragraph at lines 315--315
\OT1/cmr/m/n/5 pro-tein mod-i-fi-ca-
 []


Underfull \hbox (badness 10000) in paragraph at lines 316--316
[]\OT1/cmr/m/n/5 purine ri-bonu-
 []


Underfull \hbox (badness 10000) in paragraph at lines 317--317
[]\OT1/cmr/m/n/5 ribonucleotide
 []


Underfull \hbox (badness 10000) in paragraph at lines 319--319
[]\OT1/cmr/m/n/5 purine nu-cleotide
 []


Underfull \hbox (badness 10000) in paragraph at lines 321--321
[]\OT1/cmr/m/n/5 cellular lo-cal-iza-
 []


Underfull \hbox (badness 10000) in paragraph at lines 324--324
[]\OT1/cmr/m/n/5 establishment of
 []


Underfull \hbox (badness 10000) in paragraph at lines 325--325
[]\OT1/cmr/m/n/5 adenyl ri-bonu-
 []


Underfull \hbox (badness 10000) in paragraph at lines 326--326
[]\OT1/cmr/m/n/5 adenyl nu-cleotide
 []


Underfull \hbox (badness 2600) in paragraph at lines 327--327
[]\OT1/cmr/m/n/5 induction of pro-
 []


Underfull \hbox (badness 10000) in paragraph at lines 327--327
\OT1/cmr/m/n/5 grammed cell
 []


Overfull \hbox (45.8334pt too wide) detected at line 335
\OT1/cmr/m/n/10 Table 2.8: []
 []


Overfull \hbox (45.8334pt too wide) detected at line 375
\OT1/cmr/m/n/10 Table 2.9: []
 []


Underfull \hbox (badness 10000) in paragraph at lines 386--386
[]\OT1/cmr/bx/n/5 Broad-
 []


Underfull \hbox (badness 10000) in paragraph at lines 386--386
\OT1/cmr/bx/n/5 Enrich
 []


Underfull \hbox (badness 10000) in paragraph at lines 386--386
[]\OT1/cmr/bx/n/5 GREAT
 []


Underfull \hbox (badness 10000) in paragraph at lines 386--386
[]\OT1/cmr/bx/n/5 Broad-
 []


Underfull \hbox (badness 10000) in paragraph at lines 386--386
\OT1/cmr/bx/n/5 Enrich
 []


Underfull \hbox (badness 10000) in paragraph at lines 386--386
[]\OT1/cmr/bx/n/5 # GS
 []


Underfull \hbox (badness 10000) in paragraph at lines 386--386
[]\OT1/cmr/bx/n/5 GS Avg
 []


Underfull \hbox (badness 10000) in paragraph at lines 386--386
[]\OT1/cmr/bx/n/5 GS Avg
 []


Underfull \hbox (badness 10000) in paragraph at lines 387--387
[]\OT1/cmr/m/n/5 extracellular re-
 []


Underfull \hbox (badness 10000) in paragraph at lines 387--387
[]\OT1/cmr/m/n/5 3.88883E-
 []


Underfull \hbox (badness 10000) in paragraph at lines 387--387
[]\OT1/cmr/m/n/5 3.62253E-
 []


Underfull \hbox (badness 10000) in paragraph at lines 388--388
[]\OT1/cmr/m/n/5 extracellular re-
 []


Underfull \hbox (badness 10000) in paragraph at lines 391--391
[]\OT1/cmr/m/n/5 intermediate fil-a-
 []


Underfull \hbox (badness 10000) in paragraph at lines 393--393
[]\OT1/cmr/m/n/5 anatomical struc-
 []


Underfull \hbox (badness 6526) in paragraph at lines 393--393
\OT1/cmr/m/n/5 ture mor-pho-gen-e-
 []


Underfull \hbox (badness 10000) in paragraph at lines 394--394
[]\OT1/cmr/m/n/5 intermediate fil-a-
 []


Underfull \hbox (badness 10000) in paragraph at lines 396--396
[]\OT1/cmr/m/n/5 epithelium de-vel-
 []


Underfull \hbox (badness 2961) in paragraph at lines 398--398
[]\OT1/cmr/m/n/5 plasma mem-brane
 []


Underfull \hbox (badness 10000) in paragraph at lines 401--401
[]\OT1/cmr/m/n/5 extracellular ma-
 []


Underfull \hbox (badness 10000) in paragraph at lines 402--402
[]\OT1/cmr/m/n/5 pattern spec-i-fi-ca-
 []


Underfull \hbox (badness 10000) in paragraph at lines 403--403
[]\OT1/cmr/m/n/5 neurological sys-
 []


Overfull \hbox (50.83342pt too wide) detected at line 414
\OT1/cmr/m/n/10 Table 2.10: []
 []


Underfull \hbox (badness 10000) in paragraph at lines 425--425
[]\OT1/cmr/bx/n/5 Broad-
 []


Underfull \hbox (badness 10000) in paragraph at lines 425--425
\OT1/cmr/bx/n/5 Enrich
 []


Underfull \hbox (badness 10000) in paragraph at lines 425--425
[]\OT1/cmr/bx/n/5 GREAT
 []


Underfull \hbox (badness 10000) in paragraph at lines 425--425
[]\OT1/cmr/bx/n/5 Broad-
 []


Underfull \hbox (badness 10000) in paragraph at lines 425--425
\OT1/cmr/bx/n/5 Enrich
 []


Underfull \hbox (badness 10000) in paragraph at lines 425--425
[]\OT1/cmr/bx/n/5 # GS
 []


Underfull \hbox (badness 10000) in paragraph at lines 425--425
[]\OT1/cmr/bx/n/5 GS Avg
 []


Underfull \hbox (badness 10000) in paragraph at lines 425--425
[]\OT1/cmr/bx/n/5 GS Avg
 []


Underfull \hbox (badness 10000) in paragraph at lines 426--426
[]\OT1/cmr/m/n/5 response to
 []


Underfull \hbox (badness 10000) in paragraph at lines 426--426
\OT1/cmr/m/n/5 lipopro-tein par-ti-
 []


Underfull \hbox (badness 10000) in paragraph at lines 427--427
[]\OT1/cmr/m/n/5 extracellular re-
 []


Underfull \hbox (badness 10000) in paragraph at lines 428--428
[]\OT1/cmr/m/n/5 regulation of
 []


Underfull \hbox (badness 10000) in paragraph at lines 428--428
\OT1/cmr/m/n/5 vesicle-mediated
 []


Underfull \hbox (badness 1648) in paragraph at lines 436--436
\OT1/cmr/m/n/5 of metabolic pro-
 []


Underfull \hbox (badness 10000) in paragraph at lines 437--437
\OT1/cmr/m/n/5 of macro-molecule
 []


Underfull \hbox (badness 10000) in paragraph at lines 439--439
[]\OT1/cmr/m/n/5 endoribonuclease
 []


Underfull \hbox (badness 10000) in paragraph at lines 439--439
\OT1/cmr/m/n/5 ac-tiv-ity, pro-
 []


Underfull \hbox (badness 10000) in paragraph at lines 439--439
\OT1/cmr/m/n/5 duc-ing 3'-
 []


Overfull \hbox (0.87311pt too wide) in paragraph at lines 439--439
\OT1/cmr/m/n/5 phosphomonoesters| 
 []


Underfull \hbox (badness 10000) in paragraph at lines 444--444
[]\OT1/cmr/m/n/5 keratinocyte pro-
 []


Overfull \hbox (50.83342pt too wide) detected at line 453
\OT1/cmr/m/n/10 Table 2.11: []
 []

) [45] [46] [47] [48] [49] [50] [51] [52] [53]
CHAPTER III.
(./chap3.tex
Missing character: There is no ‚ in font cmr12!
Missing character: There is no Ä in font cmr12!
Missing character: There is no ì in font cmr12!
 [54

] [55] [56] [57] [58] [59] [60]
Overfull \hbox (0.85623pt too wide) in paragraph at lines 82--83
[]\OT1/cmr/m/n/12 The Con-cept-Metab web-site ([]$\OT1/cmtt/m/n/12 http : / / conceptmetab . med . umich . edu$[]\OT1/cmr/m/n/12 ) al-lows users
 []

[61] [62] [63] [64] [65] [66] [67]
Missing character: There is no ‚ in font cmr12!
Missing character: There is no Ä in font cmr12!
Missing character: There is no ì in font cmr12!
 [68] [69] [70]) [71] [72] (./chap3figs.tex <chap3figs/figure3_1.pdf, id=1522, 530.75291pt x 454.10583pt>
File: chap3figs/figure3_1.pdf Graphic file (type pdf)
 <use chap3figs/figure3_1.pdf>
Package pdftex.def Info: chap3figs/figure3_1.pdf used on input line 4.
(pdftex.def)             Requested size: 430.0pt x 367.89993pt.

Overfull \hbox (49.88899pt too wide) detected at line 9
\OT1/cmr/m/n/10 Figure 3.1: []
 []

[73

 <./chap3figs/figure3_1.pdf>] <chap3figs/figure3_2.jpg, id=1547, 1221.56375pt x 564.1075pt>
File: chap3figs/figure3_2.jpg Graphic file (type jpg)
 <use chap3figs/figure3_2.jpg>
Package pdftex.def Info: chap3figs/figure3_2.jpg used on input line 18.
(pdftex.def)             Requested size: 430.0pt x 198.56816pt.

Overfull \hbox (49.88899pt too wide) detected at line 23
\OT1/cmr/m/n/10 Figure 3.2: []
 []

[74 <./chap3figs/figure3_2.jpg>] <chap3figs/figure3_3.jpg, id=1552, 1212.53pt x 186.6975pt>
File: chap3figs/figure3_3.jpg Graphic file (type jpg)
 <use chap3figs/figure3_3.jpg>
Package pdftex.def Info: chap3figs/figure3_3.jpg used on input line 32.
(pdftex.def)             Requested size: 430.0pt x 66.20827pt.

Overfull \hbox (49.88899pt too wide) detected at line 37
\OT1/cmr/m/n/10 Figure 3.3: []
 []

[75 <./chap3figs/figure3_3.jpg>] <chap3figs/figure3_4.jpg, id=1557, 959.585pt x 671.50874pt>
File: chap3figs/figure3_4.jpg Graphic file (type jpg)
 <use chap3figs/figure3_4.jpg>
Package pdftex.def Info: chap3figs/figure3_4.jpg used on input line 46.
(pdftex.def)             Requested size: 430.0pt x 300.91583pt.

Overfull \hbox (49.88899pt too wide) detected at line 51
\OT1/cmr/m/n/10 Figure 3.4: []
 []

[76 <./chap3figs/figure3_4.jpg>] <chap3figs/figure3_5.jpg, id=1562, 1202.4925pt x 560.0925pt>
File: chap3figs/figure3_5.jpg Graphic file (type jpg)
 <use chap3figs/figure3_5.jpg>
Package pdftex.def Info: chap3figs/figure3_5.jpg used on input line 60.
(pdftex.def)             Requested size: 430.0pt x 200.28282pt.

Overfull \hbox (49.88899pt too wide) detected at line 65
\OT1/cmr/m/n/10 Figure 3.5: []
 []

[77 <./chap3figs/figure3_5.jpg>] <chap3figs/figure3_6.jpg, id=1567, 1092.08pt x 666.49pt>
File: chap3figs/figure3_6.jpg Graphic file (type jpg)
 <use chap3figs/figure3_6.jpg>
Package pdftex.def Info: chap3figs/figure3_6.jpg used on input line 74.
(pdftex.def)             Requested size: 430.0pt x 262.42165pt.

Overfull \hbox (49.88899pt too wide) detected at line 79
\OT1/cmr/m/n/10 Figure 3.6: []
 []

[78 <./chap3figs/figure3_6.jpg>] <chap3figs/figure3_7.jpg, id=1572, 1084.05pt x 658.46pt>
File: chap3figs/figure3_7.jpg Graphic file (type jpg)
 <use chap3figs/figure3_7.jpg>
Package pdftex.def Info: chap3figs/figure3_7.jpg used on input line 88.
(pdftex.def)             Requested size: 430.0pt x 261.18903pt.

Overfull \hbox (49.88899pt too wide) detected at line 93
\OT1/cmr/m/n/10 Figure 3.7: []
 []

[79 <./chap3figs/figure3_7.jpg>] <chap3figs/figure3_8.jpg, id=1578, 1112.155pt x 585.18625pt>
File: chap3figs/figure3_8.jpg Graphic file (type jpg)
 <use chap3figs/figure3_8.jpg>
Package pdftex.def Info: chap3figs/figure3_8.jpg used on input line 102.
(pdftex.def)             Requested size: 430.0pt x 226.2573pt.

Overfull \hbox (49.88899pt too wide) detected at line 107
\OT1/cmr/m/n/10 Figure 3.8: []
 []

[80 <./chap3figs/figure3_8.jpg>] <chap3figs/figure3_10.pdf, id=1583, 650.43pt x 867.24pt>
File: chap3figs/figure3_10.pdf Graphic file (type pdf)
 <use chap3figs/figure3_10.pdf>
Package pdftex.def Info: chap3figs/figure3_10.pdf used on input line 116.
(pdftex.def)             Requested size: 430.0pt x 573.34619pt.

Overfull \hbox (49.88899pt too wide) detected at line 122
\OT1/cmr/m/n/10 Figure 3.9: []
 []

[81 <./chap3figs/figure3_10.pdf>]

LaTeX Warning: File `chap3figs/figure3_9.pdf' not found on input line 131.


./chap3figs.tex:131: Package pdftex.def Error: File `chap3figs/figure3_9.pdf' not found.

See the pdftex.def package documentation for explanation.
Type  H <return>  for immediate help.
 ...                                              
                                                  
l.131 ...dth=1\textwidth]{chap3figs/figure3_9.pdf}
                                                  
Using draft setting for this image.
Try typing  <return>  to proceed.
If that doesn't work, type  X <return>  to quit.


Overfull \hbox (54.889pt too wide) detected at line 137
\OT1/cmr/m/n/10 Figure 3.10: []
 []

[82]

LaTeX Warning: File `chap3figs/figure3_11.pdf' not found on input line 146.


./chap3figs.tex:146: Package pdftex.def Error: File `chap3figs/figure3_11.pdf' not found.

See the pdftex.def package documentation for explanation.
Type  H <return>  for immediate help.
 ...                                              
                                                  
l.146 ...th=1\textwidth]{chap3figs/figure3_11.pdf}
                                                  
Using draft setting for this image.
Try typing  <return>  to proceed.
If that doesn't work, type  X <return>  to quit.


Overfull \hbox (54.889pt too wide) detected at line 151
\OT1/cmr/m/n/10 Figure 3.11: []
 []

[83] <chap3figs/figure3_12.pdf, id=1604, 324.69019pt x 240.69914pt>
File: chap3figs/figure3_12.pdf Graphic file (type pdf)
 <use chap3figs/figure3_12.pdf>
Package pdftex.def Info: chap3figs/figure3_12.pdf used on input line 160.
(pdftex.def)             Requested size: 430.0pt x 318.7669pt.

Overfull \hbox (54.889pt too wide) detected at line 165
\OT1/cmr/m/n/10 Figure 3.12: []
 []

[84 <./chap3figs/figure3_12.pdf>] <chap3figs/figure3_13.jpg, id=1628, 2559.5625pt x 1853.92625pt>
File: chap3figs/figure3_13.jpg Graphic file (type jpg)
 <use chap3figs/figure3_13.jpg>
Package pdftex.def Info: chap3figs/figure3_13.jpg used on input line 174.
(pdftex.def)             Requested size: 430.0pt x 311.45749pt.

Overfull \hbox (54.889pt too wide) detected at line 180
\OT1/cmr/m/n/10 Figure 3.13: []
 []

[85 <./chap3figs/figure3_13.jpg>] <chap3figs/figure3_14.pdf, id=1634, 334.22636pt x 279.92572pt>
File: chap3figs/figure3_14.pdf Graphic file (type pdf)
 <use chap3figs/figure3_14.pdf>
Package pdftex.def Info: chap3figs/figure3_14.pdf used on input line 189.
(pdftex.def)             Requested size: 430.0pt x 360.14464pt.

Overfull \hbox (54.889pt too wide) detected at line 195
\OT1/cmr/m/n/10 Figure 3.14: []
 []

) [86 <./chap3figs/figure3_14.pdf>] (./chap3tables.tex
Overfull \hbox (45.8334pt too wide) detected at line 24
\OT1/cmr/m/n/10 Table 3.1: []
 []

[87

]
Underfull \hbox (badness 10000) in paragraph at lines 36--36
[]\OT1/cmr/bx/n/5 Query by
 []


Underfull \hbox (badness 10000) in paragraph at lines 36--36
\OT1/cmr/bx/n/5 Bi-o-log-i-cal
 []


Underfull \hbox (badness 10000) in paragraph at lines 36--36
[]\OT1/cmr/bx/n/5 Query by
 []


Overfull \hbox (4.59517pt too wide) in paragraph at lines 36--36
[]\OT1/cmr/bx/n/5 Metabolic
 []


Underfull \hbox (badness 10000) in paragraph at lines 36--36
\OT1/cmr/bx/n/5 Path-
 []


Overfull \hbox (0.70848pt too wide) in paragraph at lines 36--36
[]\OT1/cmr/bx/n/5 Enzymes| 
 []


Underfull \hbox (badness 10000) in paragraph at lines 36--36
[]\OT1/cmr/bx/n/5 Pathway Map-
 []


Underfull \hbox (badness 10000) in paragraph at lines 36--36
\OT1/cmr/bx/n/5 ping of User-
 []


Underfull \hbox (badness 10000) in paragraph at lines 36--36
\OT1/cmr/bx/n/5 supplied Com-
 []


Underfull \hbox (badness 10000) in paragraph at lines 36--36
[]\OT1/cmr/bx/n/5 Enrichment of
 []


Underfull \hbox (badness 10000) in paragraph at lines 36--36
\OT1/cmr/bx/n/5 User-supplied
 []


Underfull \hbox (badness 10000) in paragraph at lines 36--36
[]\OT1/cmr/bx/n/5 Enrichment
 []


Underfull \hbox (badness 10000) in paragraph at lines 36--36
\OT1/cmr/bx/n/5 of Pre-defined
 []

) [88]
CHAPTER IV.
(./chap4.tex
Overfull \hbox (0.50403pt too wide) in paragraph at lines 7--8
[]\OT1/cmr/m/n/12 Genomic re-gions re-sult-ing from next-generation se-quenc-ing ex-per-i-ments and bioin-
 []

[89

] [90] [91] [92] [93]
Overfull \hbox (4.00198pt too wide) in paragraph at lines 77--78
\OT1/cmr/m/n/12 (Sup-ple-men-tary Meth-ods). an-no-tatr per-forms up to 13.1x faster than ChIP-peakAnno,
 []

) [94] [95] (./chap4figs.tex <chap4figs/figure4_1.pdf, id=1801, 1027.84pt x 770.88pt>
File: chap4figs/figure4_1.pdf Graphic file (type pdf)
 <use chap4figs/figure4_1.pdf>
Package pdftex.def Info: chap4figs/figure4_1.pdf used on input line 4.
(pdftex.def)             Requested size: 430.0pt x 322.49702pt.

Overfull \hbox (49.88899pt too wide) detected at line 9
\OT1/cmr/m/n/10 Figure 4.1: []
 []

[96

 <./chap4figs/figure4_1.pdf>] <chap4tables/table4_3.png, id=1833, 598.235pt x 772.8875pt>
File: chap4tables/table4_3.png Graphic file (type png)
 <use chap4tables/table4_3.png>
Package pdftex.def Info: chap4tables/table4_3.png used on input line 17.
(pdftex.def)             Requested size: 344.00131pt x 444.43045pt.

Overfull \hbox (49.88899pt too wide) detected at line 23
\OT1/cmr/m/n/10 Figure 4.2: []
 []

[97 <./chap4tables/table4_3.png>] <chap4figs/figure4_2.pdf, id=1841, 623.32875pt x 821.0675pt>
File: chap4figs/figure4_2.pdf Graphic file (type pdf)
 <use chap4figs/figure4_2.pdf>
Package pdftex.def Info: chap4figs/figure4_2.pdf used on input line 33.
(pdftex.def)             Requested size: 430.0pt x 566.41191pt.

Overfull \hbox (49.88899pt too wide) detected at line 38
\OT1/cmr/m/n/10 Figure 4.3: []
 []

<chap4figs/figure4_3.png, id=1842, 2409.0pt x 2409.0pt>
File: chap4figs/figure4_3.png Graphic file (type png)
 <use chap4figs/figure4_3.png>
Package pdftex.def Info: chap4figs/figure4_3.png used on input line 47.
(pdftex.def)             Requested size: 430.0pt x 429.99898pt.

Overfull \hbox (49.88899pt too wide) detected at line 52
\OT1/cmr/m/n/10 Figure 4.4: []
 []

<chap4figs/figure4_4.png, id=1843, 1806.75pt x 951.555pt>
File: chap4figs/figure4_4.png Graphic file (type png)
 <use chap4figs/figure4_4.png>
Package pdftex.def Info: chap4figs/figure4_4.png used on input line 61.
(pdftex.def)             Requested size: 430.0pt x 226.46129pt.

Overfull \hbox (49.88899pt too wide) detected at line 66
\OT1/cmr/m/n/10 Figure 4.5: []
 []

<chap4figs/figure4_5.png, id=1844, 1806.75pt x 1580.90625pt>
File: chap4figs/figure4_5.png Graphic file (type png)
 <use chap4figs/figure4_5.png>
Package pdftex.def Info: chap4figs/figure4_5.png used on input line 75.
(pdftex.def)             Requested size: 430.0pt x 376.24106pt.

Overfull \hbox (49.88899pt too wide) detected at line 80
\OT1/cmr/m/n/10 Figure 4.6: []
 []

<chap4figs/figure4_6.png, id=1845, 1806.75pt x 746.79pt>
File: chap4figs/figure4_6.png Graphic file (type png)
 <use chap4figs/figure4_6.png>
Package pdftex.def Info: chap4figs/figure4_6.png used on input line 89.
(pdftex.def)             Requested size: 430.0pt x 177.7291pt.

Overfull \hbox (49.88899pt too wide) detected at line 94
\OT1/cmr/m/n/10 Figure 4.7: []
 []

<chap4figs/figure4_7.png, id=1846, 1806.75pt x 978.65625pt>
File: chap4figs/figure4_7.png Graphic file (type png)
 <use chap4figs/figure4_7.png>
Package pdftex.def Info: chap4figs/figure4_7.png used on input line 103.
(pdftex.def)             Requested size: 430.0pt x 232.91113pt.

Overfull \hbox (49.88899pt too wide) detected at line 108
\OT1/cmr/m/n/10 Figure 4.8: []
 []

<chap4figs/figure4_8.pdf, id=1847, 578.16pt x 886.31125pt>
File: chap4figs/figure4_8.pdf Graphic file (type pdf)
 <use chap4figs/figure4_8.pdf>
Package pdftex.def Info: chap4figs/figure4_8.pdf used on input line 117.
(pdftex.def)             Requested size: 344.00131pt x 527.34146pt.

Overfull \hbox (49.88899pt too wide) detected at line 122
\OT1/cmr/m/n/10 Figure 4.9: []
 []

) [98 <./chap4figs/figure4_2.pdf>] [99 <./chap4figs/figure4_3.png>] [100 <./chap4figs/figure4_4.png>] [101 <./chap4figs/figure4_5.png>] [102 <./chap4figs/figure4_6.png> <./chap4figs/figure4_7.png>] [103 <./chap4figs/figure4_8.pdf>] (./chap4tables.tex
Overfull \hbox (45.8334pt too wide) detected at line 18
\OT1/cmr/m/n/10 Table 4.1: []
 []

[104

]
Overfull \hbox (45.8334pt too wide) detected at line 45
\OT1/cmr/m/n/10 Table 4.2: []
 []

[105]
Overfull \hbox (45.8334pt too wide) detected at line 72
\OT1/cmr/m/n/10 Table 4.3: []
 []


Overfull \hbox (45.8334pt too wide) detected at line 118
\OT1/cmr/m/n/10 Table 4.4: []
 []


Overfull \hbox (45.8334pt too wide) detected at line 146
\OT1/cmr/m/n/10 Table 4.5: []
 []

) [106] [107] [108]
CHAPTER V.
(./chap5.tex
Overfull \hbox (5.22493pt too wide) in paragraph at lines 9--10
[]\OT1/cmr/m/n/12 Bisulfite-conversion (BS) as-says such as whole genome bisul-fite se-quenc-ing (WGBS)
 []

[109

] [110] [111]
Missing character: There is no ‚ in font cmr12!
Missing character: There is no Ä in font cmr12!
Missing character: There is no ò in font cmr12!
 [112] [113] [114]) [115] (./chap5figs.tex <chap5figs/figure5_1.pdf, id=2020, 1145.27875pt x 594.22pt>
File: chap5figs/figure5_1.pdf Graphic file (type pdf)
 <use chap5figs/figure5_1.pdf>
Package pdftex.def Info: chap5figs/figure5_1.pdf used on input line 4.
(pdftex.def)             Requested size: 430.0pt x 223.10396pt.

Overfull \hbox (49.88899pt too wide) detected at line 9
\OT1/cmr/m/n/10 Figure 5.1: []
 []

[116

 <./chap5figs/figure5_1.pdf>]
Package epstopdf Info: Source file: <chap5figs/figure5_2.eps>
(epstopdf)                    date: 2017-12-08 09:36:27
(epstopdf)                    size: 53365 bytes
(epstopdf)             Output file: <chap5figs/figure5_2-eps-converted-to.pdf>
(epstopdf)                    date: 2017-12-08 09:36:27
(epstopdf)                    size: 17682 bytes
(epstopdf)             Command: <repstopdf --outfile=chap5figs/figure5_2-eps-converted-to.pdf chap5figs/figure5_2.eps>
(epstopdf)             \includegraphics on input line 18.
Package epstopdf Info: Output file is already uptodate.
 <chap5figs/figure5_2-eps-converted-to.pdf, id=2038, 578.16pt x 578.16pt>
File: chap5figs/figure5_2-eps-converted-to.pdf Graphic file (type pdf)
 <use chap5figs/figure5_2-eps-converted-to.pdf>
Package pdftex.def Info: chap5figs/figure5_2-eps-converted-to.pdf used on input line 18.
(pdftex.def)             Requested size: 430.0pt x 429.99309pt.
 [117 <./chap5figs/figure5_2-eps-converted-to.pdf>]
Package epstopdf Info: Source file: <chap5figs/figure5_3.eps>
(epstopdf)                    date: 2017-12-08 09:36:27
(epstopdf)                    size: 9922 bytes
(epstopdf)             Output file: <chap5figs/figure5_3-eps-converted-to.pdf>
(epstopdf)                    date: 2017-12-08 09:36:27
(epstopdf)                    size: 10713 bytes
(epstopdf)             Command: <repstopdf --outfile=chap5figs/figure5_3-eps-converted-to.pdf chap5figs/figure5_3.eps>
(epstopdf)             \includegraphics on input line 32.
Package epstopdf Info: Output file is already uptodate.
 <chap5figs/figure5_3-eps-converted-to.pdf, id=2050, 578.16pt x 578.16pt>
File: chap5figs/figure5_3-eps-converted-to.pdf Graphic file (type pdf)
 <use chap5figs/figure5_3-eps-converted-to.pdf>
Package pdftex.def Info: chap5figs/figure5_3-eps-converted-to.pdf used on input line 32.
(pdftex.def)             Requested size: 430.0pt x 429.99309pt.
 [118 <./chap5figs/figure5_3-eps-converted-to.pdf>] <chap5figs/figure5_4.pdf, id=2062, 542.025pt x 511.9125pt>
File: chap5figs/figure5_4.pdf Graphic file (type pdf)
 <use chap5figs/figure5_4.pdf>
Package pdftex.def Info: chap5figs/figure5_4.pdf used on input line 46.
(pdftex.def)             Requested size: 430.0pt x 406.1249pt.

Overfull \hbox (49.88899pt too wide) detected at line 51
\OT1/cmr/m/n/10 Figure 5.4: []
 []

[119 <./chap5figs/figure5_4.pdf>]
Package epstopdf Info: Source file: <chap5figs/figure5_5.eps>
(epstopdf)                    date: 2017-12-08 09:36:28
(epstopdf)                    size: 48664 bytes
(epstopdf)             Output file: <chap5figs/figure5_5-eps-converted-to.pdf>
(epstopdf)                    date: 2017-12-08 09:36:28
(epstopdf)                    size: 16844 bytes
(epstopdf)             Command: <repstopdf --outfile=chap5figs/figure5_5-eps-converted-to.pdf chap5figs/figure5_5.eps>
(epstopdf)             \includegraphics on input line 60.
Package epstopdf Info: Output file is already uptodate.
 <chap5figs/figure5_5-eps-converted-to.pdf, id=2071, 578.16pt x 578.16pt>
File: chap5figs/figure5_5-eps-converted-to.pdf Graphic file (type pdf)
 <use chap5figs/figure5_5-eps-converted-to.pdf>
Package pdftex.def Info: chap5figs/figure5_5-eps-converted-to.pdf used on input line 60.
(pdftex.def)             Requested size: 430.0pt x 429.99309pt.

Overfull \hbox (49.88899pt too wide) detected at line 65
\OT1/cmr/m/n/10 Figure 5.5: []
 []

[120 <./chap5figs/figure5_5-eps-converted-to.pdf>]
Package epstopdf Info: Source file: <chap5figs/figure5_6.eps>
(epstopdf)                    date: 2017-12-08 09:36:28
(epstopdf)                    size: 53365 bytes
(epstopdf)             Output file: <chap5figs/figure5_6-eps-converted-to.pdf>
(epstopdf)                    date: 2017-12-08 09:36:28
(epstopdf)                    size: 17682 bytes
(epstopdf)             Command: <repstopdf --outfile=chap5figs/figure5_6-eps-converted-to.pdf chap5figs/figure5_6.eps>
(epstopdf)             \includegraphics on input line 74.
Package epstopdf Info: Output file is already uptodate.
 <chap5figs/figure5_6-eps-converted-to.pdf, id=2083, 578.16pt x 578.16pt>
File: chap5figs/figure5_6-eps-converted-to.pdf Graphic file (type pdf)
 <use chap5figs/figure5_6-eps-converted-to.pdf>
Package pdftex.def Info: chap5figs/figure5_6-eps-converted-to.pdf used on input line 74.
(pdftex.def)             Requested size: 430.0pt x 429.99309pt.

Overfull \hbox (49.88899pt too wide) detected at line 79
\OT1/cmr/m/n/10 Figure 5.6: []
 []

[121 <./chap5figs/figure5_6-eps-converted-to.pdf>]
Package epstopdf Info: Source file: <chap5figs/figure5_7.eps>
(epstopdf)                    date: 2017-12-08 09:36:28
(epstopdf)                    size: 10297 bytes
(epstopdf)             Output file: <chap5figs/figure5_7-eps-converted-to.pdf>
(epstopdf)                    date: 2017-12-08 09:36:28
(epstopdf)                    size: 10837 bytes
(epstopdf)             Command: <repstopdf --outfile=chap5figs/figure5_7-eps-converted-to.pdf chap5figs/figure5_7.eps>
(epstopdf)             \includegraphics on input line 88.
Package epstopdf Info: Output file is already uptodate.
 <chap5figs/figure5_7-eps-converted-to.pdf, id=2096, 578.16pt x 578.16pt>
File: chap5figs/figure5_7-eps-converted-to.pdf Graphic file (type pdf)
 <use chap5figs/figure5_7-eps-converted-to.pdf>
Package pdftex.def Info: chap5figs/figure5_7-eps-converted-to.pdf used on input line 88.
(pdftex.def)             Requested size: 430.0pt x 429.99309pt.

Overfull \hbox (49.88899pt too wide) detected at line 93
\OT1/cmr/m/n/10 Figure 5.7: []
 []

[122 <./chap5figs/figure5_7-eps-converted-to.pdf>]
Package epstopdf Info: Source file: <chap5figs/figure5_8.eps>
(epstopdf)                    date: 2017-12-08 09:36:28
(epstopdf)                    size: 10681 bytes
(epstopdf)             Output file: <chap5figs/figure5_8-eps-converted-to.pdf>
(epstopdf)                    date: 2017-12-08 09:36:28
(epstopdf)                    size: 11168 bytes
(epstopdf)             Command: <repstopdf --outfile=chap5figs/figure5_8-eps-converted-to.pdf chap5figs/figure5_8.eps>
(epstopdf)             \includegraphics on input line 102.
Package epstopdf Info: Output file is already uptodate.
 <chap5figs/figure5_8-eps-converted-to.pdf, id=2109, 578.16pt x 578.16pt>
File: chap5figs/figure5_8-eps-converted-to.pdf Graphic file (type pdf)
 <use chap5figs/figure5_8-eps-converted-to.pdf>
Package pdftex.def Info: chap5figs/figure5_8-eps-converted-to.pdf used on input line 102.
(pdftex.def)             Requested size: 430.0pt x 429.99309pt.

Overfull \hbox (49.88899pt too wide) detected at line 107
\OT1/cmr/m/n/10 Figure 5.8: []
 []

[123 <./chap5figs/figure5_8-eps-converted-to.pdf>]
Package epstopdf Info: Source file: <chap5figs/figure5_9.eps>
(epstopdf)                    date: 2017-12-08 09:36:28
(epstopdf)                    size: 9696 bytes
(epstopdf)             Output file: <chap5figs/figure5_9-eps-converted-to.pdf>
(epstopdf)                    date: 2017-12-08 09:36:28
(epstopdf)                    size: 10469 bytes
(epstopdf)             Command: <repstopdf --outfile=chap5figs/figure5_9-eps-converted-to.pdf chap5figs/figure5_9.eps>
(epstopdf)             \includegraphics on input line 116.
Package epstopdf Info: Output file is already uptodate.
 <chap5figs/figure5_9-eps-converted-to.pdf, id=2121, 578.16pt x 578.16pt>
File: chap5figs/figure5_9-eps-converted-to.pdf Graphic file (type pdf)
 <use chap5figs/figure5_9-eps-converted-to.pdf>
Package pdftex.def Info: chap5figs/figure5_9-eps-converted-to.pdf used on input line 116.
(pdftex.def)             Requested size: 430.0pt x 429.99309pt.

Overfull \hbox (49.88899pt too wide) detected at line 121
\OT1/cmr/m/n/10 Figure 5.9: []
 []

[124 <./chap5figs/figure5_9-eps-converted-to.pdf>] <chap5figs/figure5_10.pdf, id=2133, 542.025pt x 140.525pt>
File: chap5figs/figure5_10.pdf Graphic file (type pdf)
 <use chap5figs/figure5_10.pdf>
Package pdftex.def Info: chap5figs/figure5_10.pdf used on input line 130.
(pdftex.def)             Requested size: 430.0pt x 111.48524pt.

Overfull \hbox (54.889pt too wide) detected at line 135
\OT1/cmr/m/n/10 Figure 5.10: []
 []

[125 <./chap5figs/figure5_10.pdf>]
Package epstopdf Info: Source file: <chap5figs/figure5_11.eps>
(epstopdf)                    date: 2017-12-08 09:36:27
(epstopdf)                    size: 15316 bytes
(epstopdf)             Output file: <chap5figs/figure5_11-eps-converted-to.pdf>
(epstopdf)                    date: 2017-12-08 09:36:27
(epstopdf)                    size: 12045 bytes
(epstopdf)             Command: <repstopdf --outfile=chap5figs/figure5_11-eps-converted-to.pdf chap5figs/figure5_11.eps>
(epstopdf)             \includegraphics on input line 144.
Package epstopdf Info: Output file is already uptodate.
 <chap5figs/figure5_11-eps-converted-to.pdf, id=2141, 578.16pt x 578.16pt>
File: chap5figs/figure5_11-eps-converted-to.pdf Graphic file (type pdf)
 <use chap5figs/figure5_11-eps-converted-to.pdf>
Package pdftex.def Info: chap5figs/figure5_11-eps-converted-to.pdf used on input line 144.
(pdftex.def)             Requested size: 430.0pt x 429.99309pt.

Overfull \hbox (54.889pt too wide) detected at line 149
\OT1/cmr/m/n/10 Figure 5.11: []
 []

[126 <./chap5figs/figure5_11-eps-converted-to.pdf>]
Package epstopdf Info: Source file: <chap5figs/figure5_12.eps>
(epstopdf)                    date: 2017-12-08 09:36:27
(epstopdf)                    size: 15295 bytes
(epstopdf)             Output file: <chap5figs/figure5_12-eps-converted-to.pdf>
(epstopdf)                    date: 2017-12-08 09:36:27
(epstopdf)                    size: 12027 bytes
(epstopdf)             Command: <repstopdf --outfile=chap5figs/figure5_12-eps-converted-to.pdf chap5figs/figure5_12.eps>
(epstopdf)             \includegraphics on input line 158.
Package epstopdf Info: Output file is already uptodate.
 <chap5figs/figure5_12-eps-converted-to.pdf, id=2153, 578.16pt x 578.16pt>
File: chap5figs/figure5_12-eps-converted-to.pdf Graphic file (type pdf)
 <use chap5figs/figure5_12-eps-converted-to.pdf>
Package pdftex.def Info: chap5figs/figure5_12-eps-converted-to.pdf used on input line 158.
(pdftex.def)             Requested size: 430.0pt x 429.99309pt.

Overfull \hbox (54.889pt too wide) detected at line 163
\OT1/cmr/m/n/10 Figure 5.12: []
 []

[127 <./chap5figs/figure5_12-eps-converted-to.pdf>]
Package epstopdf Info: Source file: <chap5figs/figure5_14.eps>
(epstopdf)                    date: 2017-12-08 09:36:27
(epstopdf)                    size: 11339 bytes
(epstopdf)             Output file: <chap5figs/figure5_14-eps-converted-to.pdf>
(epstopdf)                    date: 2017-12-08 09:36:27
(epstopdf)                    size: 10917 bytes
(epstopdf)             Command: <repstopdf --outfile=chap5figs/figure5_14-eps-converted-to.pdf chap5figs/figure5_14.eps>
(epstopdf)             \includegraphics on input line 172.
Package epstopdf Info: Output file is already uptodate.
 <chap5figs/figure5_14-eps-converted-to.pdf, id=2166, 578.16pt x 578.16pt>
File: chap5figs/figure5_14-eps-converted-to.pdf Graphic file (type pdf)
 <use chap5figs/figure5_14-eps-converted-to.pdf>
Package pdftex.def Info: chap5figs/figure5_14-eps-converted-to.pdf used on input line 172.
(pdftex.def)             Requested size: 430.0pt x 429.99309pt.

Overfull \hbox (54.889pt too wide) detected at line 177
\OT1/cmr/m/n/10 Figure 5.13: []
 []

[128 <./chap5figs/figure5_14-eps-converted-to.pdf>]
Package epstopdf Info: Source file: <chap5figs/figure5_15.eps>
(epstopdf)                    date: 2017-12-08 09:36:27
(epstopdf)                    size: 12600 bytes
(epstopdf)             Output file: <chap5figs/figure5_15-eps-converted-to.pdf>
(epstopdf)                    date: 2017-12-08 09:36:27
(epstopdf)                    size: 11296 bytes
(epstopdf)             Command: <repstopdf --outfile=chap5figs/figure5_15-eps-converted-to.pdf chap5figs/figure5_15.eps>
(epstopdf)             \includegraphics on input line 186.
Package epstopdf Info: Output file is already uptodate.
 <chap5figs/figure5_15-eps-converted-to.pdf, id=2178, 578.16pt x 578.16pt>
File: chap5figs/figure5_15-eps-converted-to.pdf Graphic file (type pdf)
 <use chap5figs/figure5_15-eps-converted-to.pdf>
Package pdftex.def Info: chap5figs/figure5_15-eps-converted-to.pdf used on input line 186.
(pdftex.def)             Requested size: 430.0pt x 429.99309pt.

Overfull \hbox (54.889pt too wide) detected at line 191
\OT1/cmr/m/n/10 Figure 5.14: []
 []

[129 <./chap5figs/figure5_15-eps-converted-to.pdf>]
Package epstopdf Info: Source file: <chap5figs/figure5_16.eps>
(epstopdf)                    date: 2017-12-08 09:36:27
(epstopdf)                    size: 21086 bytes
(epstopdf)             Output file: <chap5figs/figure5_16-eps-converted-to.pdf>
(epstopdf)                    date: 2017-12-08 09:36:27
(epstopdf)                    size: 13262 bytes
(epstopdf)             Command: <repstopdf --outfile=chap5figs/figure5_16-eps-converted-to.pdf chap5figs/figure5_16.eps>
(epstopdf)             \includegraphics on input line 200.
Package epstopdf Info: Output file is already uptodate.
 <chap5figs/figure5_16-eps-converted-to.pdf, id=2190, 578.16pt x 578.16pt>
File: chap5figs/figure5_16-eps-converted-to.pdf Graphic file (type pdf)
 <use chap5figs/figure5_16-eps-converted-to.pdf>
Package pdftex.def Info: chap5figs/figure5_16-eps-converted-to.pdf used on input line 200.
(pdftex.def)             Requested size: 430.0pt x 429.99309pt.

Overfull \hbox (54.889pt too wide) detected at line 205
\OT1/cmr/m/n/10 Figure 5.15: []
 []

[130 <./chap5figs/figure5_16-eps-converted-to.pdf>] <chap5figs/figure5_17.pdf, id=2202, 542.025pt x 1392.20125pt>
File: chap5figs/figure5_17.pdf Graphic file (type pdf)
 <use chap5figs/figure5_17.pdf>
Package pdftex.def Info: chap5figs/figure5_17.pdf used on input line 214.
(pdftex.def)             Requested size: 215.0pt x 552.23961pt.

Overfull \hbox (54.889pt too wide) detected at line 219
\OT1/cmr/m/n/10 Figure 5.16: []
 []


LaTeX Warning: Float too large for page by 5.18405pt on input line 221.

) [131 <./chap5figs/figure5_17.pdf>] (./chap5tables.tex
Overfull \hbox (45.8334pt too wide) detected at line 25
\OT1/cmr/m/n/10 Table 5.1: []
 []

[132

]
Overfull \hbox (45.8334pt too wide) detected at line 50
\OT1/cmr/m/n/10 Table 5.2: []
 []


Overfull \hbox (45.8334pt too wide) detected at line 78
\OT1/cmr/m/n/10 Table 5.3: []
 []

) [133] [134] [135]
CHAPTER VI.
(./conclusion.tex [136

] [137] [138] [139] [140] [141] [142] [143]) (./thesis.bbl [144] [145

] [146] [147] [148] [149] [150] [151] [152]
Underfull \hbox (badness 2547) in paragraph at lines 619--622
[]\OT1/cmr/m/n/10 M. Mame-lak, M. B. Scharf, and M. Woods, ``Treat-ment of Nar-colepsy with $\OML/cmm/m/it/10 ^^M$\OT1/cmr/m/n/10 -
 []

[153] [154] [155])
Package atveryend Info: Empty hook `BeforeClearDocument' on input line 188.
 [156]
Package atveryend Info: Empty hook `AfterLastShipout' on input line 188.
 (./thesis.aux)
Package atveryend Info: Executing hook `AtVeryEndDocument' on input line 188.
Package atveryend Info: Executing hook `AtEndAfterFileList' on input line 188.
Package rerunfilecheck Info: File `thesis.out' has not changed.
(rerunfilecheck)             Checksum: B645ABD5AA69859BF17BBCAAF9425F04;7064.
Package atveryend Info: Empty hook `AtVeryVeryEnd' on input line 188.
 ) 
Here is how much of TeX's memory you used:
 8052 strings out of 492995
 116900 string characters out of 6132704
 363788 words of memory out of 5000000
 10916 multiletter control sequences out of 15000+600000
 15696 words of font info for 60 fonts, out of 8000000 for 9000
 1141 hyphenation exceptions out of 8191
 34i,12n,35p,2232b,449s stack positions out of 5000i,500n,10000p,200000b,80000s
</usr/local/texlive/2017/texmf-dist/fonts/type1/public/amsfonts/cm/cmbx10.pfb></usr/local/texlive/2017/texmf-dist/fonts/type1/public/amsfonts/cm/cmbx12.pfb></usr/local/texlive/2017/texmf-dist/fonts/type1/public/amsfonts/cm/cmbx5.pfb></usr/local/texlive/2017/texmf-dist/fonts/type1/public/amsfonts/cm/cmbx9.pfb></usr/local/texlive/2017/texmf-dist/fonts/type1/public/amsfonts/cm/cmex10.pfb></usr/local/texlive/2017/texmf-dist/fonts/type1/public/amsfonts/cm/cmmi10.pfb></usr/local/texlive/2017/texmf-dist/fonts/type1/public/amsfonts/cm/cmmi12.pfb></usr/local/texlive/2017/texmf-dist/fonts/type1/public/amsfonts/cm/cmmi6.pfb></usr/local/texlive/2017/texmf-dist/fonts/type1/public/amsfonts/cm/cmmi7.pfb></usr/local/texlive/2017/texmf-dist/fonts/type1/public/amsfonts/cm/cmmi8.pfb></usr/local/texlive/2017/texmf-dist/fonts/type1/public/amsfonts/cm/cmr10.pfb></usr/local/texlive/2017/texmf-dist/fonts/type1/public/amsfonts/cm/cmr12.pfb></usr/local/texlive/2017/texmf-dist/fonts/type1/public/amsfonts/cm/cm
r5.pfb></usr/local/texlive/2017/texmf-dist/fonts/type1/public/amsfonts/cm/cmr7.pfb></usr/local/texlive/2017/texmf-dist/fonts/type1/public/amsfonts/cm/cmr8.pfb></usr/local/texlive/2017/texmf-dist/fonts/type1/public/amsfonts/cm/cmr9.pfb></usr/local/texlive/2017/texmf-dist/fonts/type1/public/amsfonts/cm/cmsy10.pfb></usr/local/texlive/2017/texmf-dist/fonts/type1/public/amsfonts/cm/cmsy5.pfb></usr/local/texlive/2017/texmf-dist/fonts/type1/public/amsfonts/cm/cmsy7.pfb></usr/local/texlive/2017/texmf-dist/fonts/type1/public/amsfonts/cm/cmsy8.pfb></usr/local/texlive/2017/texmf-dist/fonts/type1/public/amsfonts/cm/cmti10.pfb></usr/local/texlive/2017/texmf-dist/fonts/type1/public/amsfonts/cm/cmti12.pfb></usr/local/texlive/2017/texmf-dist/fonts/type1/public/amsfonts/cm/cmti7.pfb></usr/local/texlive/2017/texmf-dist/fonts/type1/public/amsfonts/cm/cmti9.pfb></usr/local/texlive/2017/texmf-dist/fonts/type1/public/amsfonts/cm/cmtt10.pfb></usr/local/texlive/2017/texmf-dist/fonts/type1/public/amsfonts/cm/c
mtt12.pfb>
Output written on thesis.pdf (168 pages, 12261087 bytes).
PDF statistics:
 2541 PDF objects out of 2984 (max. 8388607)
 2136 compressed objects within 22 object streams
 475 named destinations out of 1000 (max. 500000)
 964 words of extra memory for PDF output out of 10000 (max. 10000000)

